{"/Users/woxacorp./workspace/TodoListManagementGoogle/src/components/TaskCard.tsx": {"path":"/Users/woxacorp./workspace/TodoListManagementGoogle/src/components/TaskCard.tsx","statementMap":{"0":{"start":{"line":16,"column":48},"end":{"line":22,"column":null}},"1":{"start":{"line":24,"column":24},"end":{"line":165,"column":null}},"2":{"start":{"line":32,"column":2},"end":{"line":38,"column":null}},"3":{"start":{"line":40,"column":16},"end":{"line":43,"column":null}},"4":{"start":{"line":45,"column":28},"end":{"line":45,"column":null}},"5":{"start":{"line":45,"column":56},"end":{"line":45,"column":67}},"6":{"start":{"line":46,"column":24},"end":{"line":46,"column":null}},"7":{"start":{"line":47,"column":19},"end":{"line":47,"column":null}},"8":{"start":{"line":49,"column":2},"end":{"line":57,"column":null}},"9":{"start":{"line":50,"column":4},"end":{"line":55,"column":null}},"10":{"start":{"line":59,"column":2},"end":{"line":163,"column":null}},"11":{"start":{"line":66,"column":10},"end":{"line":71,"column":null}},"12":{"start":{"line":67,"column":14},"end":{"line":67,"column":null}},"13":{"start":{"line":68,"column":14},"end":{"line":68,"column":null}},"14":{"start":{"line":70,"column":14},"end":{"line":70,"column":null}},"15":{"start":{"line":82,"column":16},"end":{"line":82,"column":null}},"16":{"start":{"line":83,"column":16},"end":{"line":83,"column":null}},"17":{"start":{"line":143,"column":164},"end":{"line":143,"column":null}},"18":{"start":{"line":152,"column":20},"end":{"line":158,"column":null}}},"fnMap":{"0":{"name":"(anonymous_0)","decl":{"start":{"line":24,"column":24},"end":{"line":24,"column":25}},"loc":{"start":{"line":24,"column":97},"end":{"line":165,"column":null}},"line":24},"1":{"name":"(anonymous_1)","decl":{"start":{"line":45,"column":49},"end":{"line":45,"column":50}},"loc":{"start":{"line":45,"column":56},"end":{"line":45,"column":67}},"line":45},"2":{"name":"(anonymous_2)","decl":{"start":{"line":65,"column":15},"end":{"line":65,"column":16}},"loc":{"start":{"line":65,"column":22},"end":{"line":72,"column":null}},"line":65},"3":{"name":"(anonymous_3)","decl":{"start":{"line":81,"column":21},"end":{"line":81,"column":22}},"loc":{"start":{"line":81,"column":28},"end":{"line":84,"column":null}},"line":81},"4":{"name":"(anonymous_4)","decl":{"start":{"line":143,"column":157},"end":{"line":143,"column":158}},"loc":{"start":{"line":143,"column":164},"end":{"line":143,"column":null}},"line":143},"5":{"name":"(anonymous_5)","decl":{"start":{"line":151,"column":36},"end":{"line":151,"column":37}},"loc":{"start":{"line":152,"column":20},"end":{"line":158,"column":null}},"line":152}},"branchMap":{"0":{"loc":{"start":{"line":47,"column":19},"end":{"line":47,"column":null}},"type":"cond-expr","locations":[{"start":{"line":47,"column":41},"end":{"line":47,"column":46}},{"start":{"line":47,"column":46},"end":{"line":47,"column":null}}],"line":47},"1":{"loc":{"start":{"line":49,"column":2},"end":{"line":57,"column":null}},"type":"if","locations":[{"start":{"line":49,"column":2},"end":{"line":57,"column":null}},{"start":{},"end":{}}],"line":49},"2":{"loc":{"start":{"line":66,"column":10},"end":{"line":71,"column":null}},"type":"if","locations":[{"start":{"line":66,"column":10},"end":{"line":71,"column":null}},{"start":{"line":69,"column":17},"end":{"line":71,"column":null}}],"line":66},"3":{"loc":{"start":{"line":75,"column":8},"end":{"line":75,"column":null}},"type":"cond-expr","locations":[{"start":{"line":75,"column":19},"end":{"line":75,"column":58}},{"start":{"line":75,"column":58},"end":{"line":75,"column":null}}],"line":75},"4":{"loc":{"start":{"line":87,"column":16},"end":{"line":87,"column":null}},"type":"cond-expr","locations":[{"start":{"line":87,"column":27},"end":{"line":87,"column":69}},{"start":{"line":87,"column":69},"end":{"line":87,"column":null}}],"line":87},"5":{"loc":{"start":{"line":88,"column":16},"end":{"line":88,"column":null}},"type":"binary-expr","locations":[{"start":{"line":88,"column":16},"end":{"line":88,"column":33}},{"start":{"line":88,"column":33},"end":{"line":88,"column":null}}],"line":88},"6":{"loc":{"start":{"line":91,"column":13},"end":{"line":91,"column":null}},"type":"binary-expr","locations":[{"start":{"line":91,"column":13},"end":{"line":91,"column":25}},{"start":{"line":91,"column":25},"end":{"line":91,"column":null}}],"line":91},"7":{"loc":{"start":{"line":98,"column":12},"end":{"line":98,"column":null}},"type":"binary-expr","locations":[{"start":{"line":98,"column":12},"end":{"line":98,"column":46}},{"start":{"line":98,"column":46},"end":{"line":98,"column":null}}],"line":98},"8":{"loc":{"start":{"line":103,"column":9},"end":{"line":106,"column":null}},"type":"binary-expr","locations":[{"start":{"line":103,"column":9},"end":{"line":103,"column":null}},{"start":{"line":104,"column":12},"end":{"line":106,"column":null}}],"line":103},"9":{"loc":{"start":{"line":116,"column":7},"end":{"line":131,"column":null}},"type":"binary-expr","locations":[{"start":{"line":116,"column":7},"end":{"line":116,"column":null}},{"start":{"line":117,"column":8},"end":{"line":131,"column":null}}],"line":116},"10":{"loc":{"start":{"line":136,"column":13},"end":{"line":140,"column":null}},"type":"binary-expr","locations":[{"start":{"line":136,"column":13},"end":{"line":136,"column":null}},{"start":{"line":137,"column":17},"end":{"line":140,"column":null}}],"line":136},"11":{"loc":{"start":{"line":142,"column":14},"end":{"line":145,"column":null}},"type":"binary-expr","locations":[{"start":{"line":142,"column":14},"end":{"line":142,"column":null}},{"start":{"line":143,"column":16},"end":{"line":145,"column":null}}],"line":142},"12":{"loc":{"start":{"line":149,"column":9},"end":{"line":160,"column":null}},"type":"binary-expr","locations":[{"start":{"line":149,"column":9},"end":{"line":149,"column":null}},{"start":{"line":150,"column":12},"end":{"line":160,"column":null}}],"line":149}},"s":{"0":1,"1":1,"2":4,"3":4,"4":4,"5":8,"6":4,"7":4,"8":4,"9":0,"10":4,"11":1,"12":0,"13":0,"14":1,"15":1,"16":1,"17":0,"18":4},"f":{"0":4,"1":8,"2":1,"3":1,"4":0,"5":4},"b":{"0":[0,4],"1":[0,4],"2":[0,1],"3":[1,3],"4":[1,3],"5":[4,0],"6":[4,1],"7":[4,0],"8":[4,4],"9":[4,4],"10":[4,4],"11":[4,0],"12":[4,4]},"meta":{"lastBranch":13,"lastFunction":6,"lastStatement":19,"seen":{"s:16:48:22:Infinity":0,"s:24:24:165:Infinity":1,"f:24:24:24:25":0,"s:32:2:38:Infinity":2,"s:40:16:43:Infinity":3,"s:45:28:45:Infinity":4,"f:45:49:45:50":1,"s:45:56:45:67":5,"s:46:24:46:Infinity":6,"s:47:19:47:Infinity":7,"b:47:41:47:46:47:46:47:Infinity":0,"b:49:2:57:Infinity:undefined:undefined:undefined:undefined":1,"s:49:2:57:Infinity":8,"s:50:4:55:Infinity":9,"s:59:2:163:Infinity":10,"f:65:15:65:16":2,"b:66:10:71:Infinity:69:17:71:Infinity":2,"s:66:10:71:Infinity":11,"s:67:14:67:Infinity":12,"s:68:14:68:Infinity":13,"s:70:14:70:Infinity":14,"b:75:19:75:58:75:58:75:Infinity":3,"f:81:21:81:22":3,"s:82:16:82:Infinity":15,"s:83:16:83:Infinity":16,"b:87:27:87:69:87:69:87:Infinity":4,"b:88:16:88:33:88:33:88:Infinity":5,"b:91:13:91:25:91:25:91:Infinity":6,"b:98:12:98:46:98:46:98:Infinity":7,"b:103:9:103:Infinity:104:12:106:Infinity":8,"b:116:7:116:Infinity:117:8:131:Infinity":9,"b:136:13:136:Infinity:137:17:140:Infinity":10,"b:142:14:142:Infinity:143:16:145:Infinity":11,"f:143:157:143:158":4,"s:143:164:143:Infinity":17,"b:149:9:149:Infinity:150:12:160:Infinity":12,"f:151:36:151:37":5,"s:152:20:158:Infinity":18}}}
,"/Users/woxacorp./workspace/TodoListManagementGoogle/src/store/useTaskStore.ts": {"path":"/Users/woxacorp./workspace/TodoListManagementGoogle/src/store/useTaskStore.ts","statementMap":{"0":{"start":{"line":6,"column":34},"end":{"line":11,"column":null}},"1":{"start":{"line":13,"column":13},"end":{"line":166,"column":null}},"2":{"start":{"line":13,"column":61},"end":{"line":166,"column":2}},"3":{"start":{"line":21,"column":31},"end":{"line":25,"column":null}},"4":{"start":{"line":21,"column":47},"end":{"line":25,"column":4}},"5":{"start":{"line":23,"column":46},"end":{"line":23,"column":56}},"6":{"start":{"line":26,"column":24},"end":{"line":26,"column":null}},"7":{"start":{"line":27,"column":22},"end":{"line":27,"column":null}},"8":{"start":{"line":31,"column":29},"end":{"line":31,"column":null}},"9":{"start":{"line":33,"column":31},"end":{"line":33,"column":null}},"10":{"start":{"line":36,"column":19},"end":{"line":36,"column":null}},"11":{"start":{"line":37,"column":4},"end":{"line":37,"column":null}},"12":{"start":{"line":37,"column":20},"end":{"line":37,"column":70}},"13":{"start":{"line":38,"column":4},"end":{"line":38,"column":null}},"14":{"start":{"line":42,"column":4},"end":{"line":42,"column":null}},"15":{"start":{"line":42,"column":20},"end":{"line":42,"column":82}},"16":{"start":{"line":42,"column":67},"end":{"line":42,"column":78}},"17":{"start":{"line":43,"column":4},"end":{"line":43,"column":null}},"18":{"start":{"line":48,"column":25},"end":{"line":50,"column":null}},"19":{"start":{"line":48,"column":41},"end":{"line":50,"column":4}},"20":{"start":{"line":51,"column":24},"end":{"line":53,"column":null}},"21":{"start":{"line":51,"column":40},"end":{"line":53,"column":4}},"22":{"start":{"line":52,"column":39},"end":{"line":52,"column":50}},"23":{"start":{"line":57,"column":4},"end":{"line":57,"column":null}},"24":{"start":{"line":57,"column":20},"end":{"line":57,"column":54}},"25":{"start":{"line":58,"column":4},"end":{"line":58,"column":null}},"26":{"start":{"line":62,"column":4},"end":{"line":66,"column":null}},"27":{"start":{"line":62,"column":20},"end":{"line":66,"column":6}},"28":{"start":{"line":64,"column":8},"end":{"line":64,"column":null}},"29":{"start":{"line":67,"column":4},"end":{"line":67,"column":null}},"30":{"start":{"line":71,"column":4},"end":{"line":76,"column":null}},"31":{"start":{"line":71,"column":20},"end":{"line":76,"column":6}},"32":{"start":{"line":73,"column":12},"end":{"line":73,"column":null}},"33":{"start":{"line":78,"column":4},"end":{"line":78,"column":null}},"34":{"start":{"line":78,"column":22},"end":{"line":78,"column":70}},"35":{"start":{"line":82,"column":4},"end":{"line":85,"column":null}},"36":{"start":{"line":82,"column":20},"end":{"line":85,"column":6}},"37":{"start":{"line":83,"column":39},"end":{"line":83,"column":50}},"38":{"start":{"line":84,"column":59},"end":{"line":84,"column":69}},"39":{"start":{"line":86,"column":4},"end":{"line":86,"column":null}},"40":{"start":{"line":90,"column":6},"end":{"line":93,"column":null}},"41":{"start":{"line":90,"column":22},"end":{"line":93,"column":8}},"42":{"start":{"line":91,"column":39},"end":{"line":91,"column":58}},"43":{"start":{"line":94,"column":6},"end":{"line":94,"column":null}},"44":{"start":{"line":94,"column":24},"end":{"line":94,"column":63}},"45":{"start":{"line":98,"column":4},"end":{"line":117,"column":null}},"46":{"start":{"line":99,"column":20},"end":{"line":99,"column":null}},"47":{"start":{"line":100,"column":25},"end":{"line":100,"column":null}},"48":{"start":{"line":103,"column":21},"end":{"line":103,"column":null}},"49":{"start":{"line":103,"column":43},"end":{"line":103,"column":54}},"50":{"start":{"line":104,"column":29},"end":{"line":104,"column":null}},"51":{"start":{"line":106,"column":8},"end":{"line":108,"column":null}},"52":{"start":{"line":107,"column":12},"end":{"line":107,"column":null}},"53":{"start":{"line":110,"column":8},"end":{"line":110,"column":null}},"54":{"start":{"line":112,"column":8},"end":{"line":116,"column":null}},"55":{"start":{"line":114,"column":16},"end":{"line":114,"column":null}},"56":{"start":{"line":120,"column":30},"end":{"line":120,"column":null}},"57":{"start":{"line":123,"column":4},"end":{"line":126,"column":null}},"58":{"start":{"line":123,"column":20},"end":{"line":126,"column":6}},"59":{"start":{"line":127,"column":4},"end":{"line":127,"column":null}},"60":{"start":{"line":127,"column":26},"end":{"line":127,"column":64}},"61":{"start":{"line":128,"column":4},"end":{"line":128,"column":null}},"62":{"start":{"line":128,"column":26},"end":{"line":128,"column":64}},"63":{"start":{"line":133,"column":6},"end":{"line":133,"column":null}},"64":{"start":{"line":133,"column":22},"end":{"line":133,"column":56}},"65":{"start":{"line":134,"column":6},"end":{"line":134,"column":null}},"66":{"start":{"line":138,"column":4},"end":{"line":142,"column":null}},"67":{"start":{"line":138,"column":20},"end":{"line":142,"column":6}},"68":{"start":{"line":140,"column":8},"end":{"line":140,"column":null}},"69":{"start":{"line":143,"column":4},"end":{"line":143,"column":null}},"70":{"start":{"line":147,"column":4},"end":{"line":150,"column":null}},"71":{"start":{"line":147,"column":20},"end":{"line":150,"column":6}},"72":{"start":{"line":148,"column":39},"end":{"line":148,"column":50}},"73":{"start":{"line":149,"column":34},"end":{"line":149,"column":83}},"74":{"start":{"line":151,"column":4},"end":{"line":151,"column":null}},"75":{"start":{"line":159,"column":38},"end":{"line":163,"column":null}},"76":{"start":{"line":164,"column":6},"end":{"line":164,"column":null}}},"fnMap":{"0":{"name":"(anonymous_0)","decl":{"start":{"line":13,"column":46},"end":{"line":13,"column":47}},"loc":{"start":{"line":13,"column":61},"end":{"line":166,"column":2}},"line":13},"1":{"name":"(anonymous_1)","decl":{"start":{"line":21,"column":23},"end":{"line":21,"column":24}},"loc":{"start":{"line":21,"column":31},"end":{"line":25,"column":null}},"line":21},"2":{"name":"(anonymous_2)","decl":{"start":{"line":21,"column":35},"end":{"line":21,"column":36}},"loc":{"start":{"line":21,"column":47},"end":{"line":25,"column":4}},"line":21},"3":{"name":"(anonymous_3)","decl":{"start":{"line":23,"column":39},"end":{"line":23,"column":46}},"loc":{"start":{"line":23,"column":46},"end":{"line":23,"column":56}},"line":23},"4":{"name":"(anonymous_4)","decl":{"start":{"line":26,"column":18},"end":{"line":26,"column":24}},"loc":{"start":{"line":26,"column":24},"end":{"line":26,"column":null}},"line":26},"5":{"name":"(anonymous_5)","decl":{"start":{"line":27,"column":13},"end":{"line":27,"column":14}},"loc":{"start":{"line":27,"column":22},"end":{"line":27,"column":null}},"line":27},"6":{"name":"(anonymous_6)","decl":{"start":{"line":31,"column":18},"end":{"line":31,"column":19}},"loc":{"start":{"line":31,"column":29},"end":{"line":31,"column":null}},"line":31},"7":{"name":"(anonymous_7)","decl":{"start":{"line":33,"column":19},"end":{"line":33,"column":20}},"loc":{"start":{"line":33,"column":31},"end":{"line":33,"column":null}},"line":33},"8":{"name":"(anonymous_8)","decl":{"start":{"line":35,"column":14},"end":{"line":35,"column":15}},"loc":{"start":{"line":35,"column":34},"end":{"line":39,"column":null}},"line":35},"9":{"name":"(anonymous_9)","decl":{"start":{"line":37,"column":8},"end":{"line":37,"column":9}},"loc":{"start":{"line":37,"column":20},"end":{"line":37,"column":70}},"line":37},"10":{"name":"(anonymous_10)","decl":{"start":{"line":41,"column":21},"end":{"line":41,"column":22}},"loc":{"start":{"line":41,"column":29},"end":{"line":44,"column":null}},"line":41},"11":{"name":"(anonymous_11)","decl":{"start":{"line":42,"column":8},"end":{"line":42,"column":9}},"loc":{"start":{"line":42,"column":20},"end":{"line":42,"column":82}},"line":42},"12":{"name":"(anonymous_12)","decl":{"start":{"line":42,"column":62},"end":{"line":42,"column":67}},"loc":{"start":{"line":42,"column":67},"end":{"line":42,"column":78}},"line":42},"13":{"name":"(anonymous_13)","decl":{"start":{"line":48,"column":13},"end":{"line":48,"column":14}},"loc":{"start":{"line":48,"column":25},"end":{"line":50,"column":null}},"line":48},"14":{"name":"(anonymous_14)","decl":{"start":{"line":48,"column":29},"end":{"line":48,"column":30}},"loc":{"start":{"line":48,"column":41},"end":{"line":50,"column":4}},"line":48},"15":{"name":"(anonymous_15)","decl":{"start":{"line":51,"column":16},"end":{"line":51,"column":17}},"loc":{"start":{"line":51,"column":24},"end":{"line":53,"column":null}},"line":51},"16":{"name":"(anonymous_16)","decl":{"start":{"line":51,"column":28},"end":{"line":51,"column":29}},"loc":{"start":{"line":51,"column":40},"end":{"line":53,"column":4}},"line":51},"17":{"name":"(anonymous_17)","decl":{"start":{"line":52,"column":34},"end":{"line":52,"column":39}},"loc":{"start":{"line":52,"column":39},"end":{"line":52,"column":50}},"line":52},"18":{"name":"(anonymous_18)","decl":{"start":{"line":56,"column":11},"end":{"line":56,"column":12}},"loc":{"start":{"line":56,"column":21},"end":{"line":59,"column":null}},"line":56},"19":{"name":"(anonymous_19)","decl":{"start":{"line":57,"column":8},"end":{"line":57,"column":9}},"loc":{"start":{"line":57,"column":20},"end":{"line":57,"column":54}},"line":57},"20":{"name":"(anonymous_20)","decl":{"start":{"line":61,"column":14},"end":{"line":61,"column":15}},"loc":{"start":{"line":61,"column":31},"end":{"line":68,"column":null}},"line":61},"21":{"name":"(anonymous_21)","decl":{"start":{"line":62,"column":8},"end":{"line":62,"column":9}},"loc":{"start":{"line":62,"column":20},"end":{"line":66,"column":6}},"line":62},"22":{"name":"(anonymous_22)","decl":{"start":{"line":63,"column":29},"end":{"line":63,"column":30}},"loc":{"start":{"line":64,"column":8},"end":{"line":64,"column":null}},"line":64},"23":{"name":"(anonymous_23)","decl":{"start":{"line":70,"column":15},"end":{"line":70,"column":16}},"loc":{"start":{"line":70,"column":33},"end":{"line":79,"column":null}},"line":70},"24":{"name":"(anonymous_24)","decl":{"start":{"line":71,"column":8},"end":{"line":71,"column":9}},"loc":{"start":{"line":71,"column":20},"end":{"line":76,"column":6}},"line":71},"25":{"name":"(anonymous_25)","decl":{"start":{"line":72,"column":31},"end":{"line":72,"column":32}},"loc":{"start":{"line":73,"column":12},"end":{"line":73,"column":null}},"line":73},"26":{"name":"(anonymous_26)","decl":{"start":{"line":78,"column":16},"end":{"line":78,"column":22}},"loc":{"start":{"line":78,"column":22},"end":{"line":78,"column":70}},"line":78},"27":{"name":"(anonymous_27)","decl":{"start":{"line":81,"column":14},"end":{"line":81,"column":15}},"loc":{"start":{"line":81,"column":22},"end":{"line":87,"column":null}},"line":81},"28":{"name":"(anonymous_28)","decl":{"start":{"line":82,"column":8},"end":{"line":82,"column":9}},"loc":{"start":{"line":82,"column":20},"end":{"line":85,"column":6}},"line":82},"29":{"name":"(anonymous_29)","decl":{"start":{"line":83,"column":32},"end":{"line":83,"column":33}},"loc":{"start":{"line":83,"column":39},"end":{"line":83,"column":50}},"line":83},"30":{"name":"(anonymous_30)","decl":{"start":{"line":84,"column":52},"end":{"line":84,"column":59}},"loc":{"start":{"line":84,"column":59},"end":{"line":84,"column":69}},"line":84},"31":{"name":"(anonymous_31)","decl":{"start":{"line":89,"column":15},"end":{"line":89,"column":16}},"loc":{"start":{"line":89,"column":24},"end":{"line":95,"column":null}},"line":89},"32":{"name":"(anonymous_32)","decl":{"start":{"line":90,"column":10},"end":{"line":90,"column":11}},"loc":{"start":{"line":90,"column":22},"end":{"line":93,"column":8}},"line":90},"33":{"name":"(anonymous_33)","decl":{"start":{"line":91,"column":34},"end":{"line":91,"column":39}},"loc":{"start":{"line":91,"column":39},"end":{"line":91,"column":58}},"line":91},"34":{"name":"(anonymous_34)","decl":{"start":{"line":94,"column":18},"end":{"line":94,"column":24}},"loc":{"start":{"line":94,"column":24},"end":{"line":94,"column":63}},"line":94},"35":{"name":"(anonymous_35)","decl":{"start":{"line":97,"column":12},"end":{"line":97,"column":13}},"loc":{"start":{"line":97,"column":28},"end":{"line":118,"column":null}},"line":97},"36":{"name":"(anonymous_36)","decl":{"start":{"line":98,"column":8},"end":{"line":98,"column":9}},"loc":{"start":{"line":98,"column":19},"end":{"line":117,"column":5}},"line":98},"37":{"name":"(anonymous_37)","decl":{"start":{"line":103,"column":38},"end":{"line":103,"column":43}},"loc":{"start":{"line":103,"column":43},"end":{"line":103,"column":54}},"line":103},"38":{"name":"(anonymous_38)","decl":{"start":{"line":113,"column":35},"end":{"line":113,"column":36}},"loc":{"start":{"line":114,"column":16},"end":{"line":114,"column":null}},"line":114},"39":{"name":"(anonymous_39)","decl":{"start":{"line":120,"column":16},"end":{"line":120,"column":17}},"loc":{"start":{"line":120,"column":30},"end":{"line":120,"column":null}},"line":120},"40":{"name":"(anonymous_40)","decl":{"start":{"line":122,"column":15},"end":{"line":122,"column":16}},"loc":{"start":{"line":122,"column":44},"end":{"line":129,"column":null}},"line":122},"41":{"name":"(anonymous_41)","decl":{"start":{"line":123,"column":8},"end":{"line":123,"column":9}},"loc":{"start":{"line":123,"column":20},"end":{"line":126,"column":6}},"line":123},"42":{"name":"(anonymous_42)","decl":{"start":{"line":127,"column":21},"end":{"line":127,"column":26}},"loc":{"start":{"line":127,"column":26},"end":{"line":127,"column":64}},"line":127},"43":{"name":"(anonymous_43)","decl":{"start":{"line":128,"column":21},"end":{"line":128,"column":26}},"loc":{"start":{"line":128,"column":26},"end":{"line":128,"column":64}},"line":128},"44":{"name":"(anonymous_44)","decl":{"start":{"line":132,"column":11},"end":{"line":132,"column":12}},"loc":{"start":{"line":132,"column":21},"end":{"line":135,"column":null}},"line":132},"45":{"name":"(anonymous_45)","decl":{"start":{"line":133,"column":10},"end":{"line":133,"column":11}},"loc":{"start":{"line":133,"column":22},"end":{"line":133,"column":56}},"line":133},"46":{"name":"(anonymous_46)","decl":{"start":{"line":137,"column":14},"end":{"line":137,"column":15}},"loc":{"start":{"line":137,"column":31},"end":{"line":144,"column":null}},"line":137},"47":{"name":"(anonymous_47)","decl":{"start":{"line":138,"column":8},"end":{"line":138,"column":9}},"loc":{"start":{"line":138,"column":20},"end":{"line":142,"column":6}},"line":138},"48":{"name":"(anonymous_48)","decl":{"start":{"line":139,"column":29},"end":{"line":139,"column":30}},"loc":{"start":{"line":140,"column":8},"end":{"line":140,"column":null}},"line":140},"49":{"name":"(anonymous_49)","decl":{"start":{"line":146,"column":14},"end":{"line":146,"column":15}},"loc":{"start":{"line":146,"column":22},"end":{"line":155,"column":null}},"line":146},"50":{"name":"(anonymous_50)","decl":{"start":{"line":147,"column":8},"end":{"line":147,"column":9}},"loc":{"start":{"line":147,"column":20},"end":{"line":150,"column":6}},"line":147},"51":{"name":"(anonymous_51)","decl":{"start":{"line":148,"column":32},"end":{"line":148,"column":33}},"loc":{"start":{"line":148,"column":39},"end":{"line":148,"column":50}},"line":148},"52":{"name":"(anonymous_52)","decl":{"start":{"line":149,"column":29},"end":{"line":149,"column":34}},"loc":{"start":{"line":149,"column":34},"end":{"line":149,"column":83}},"line":149},"53":{"name":"(anonymous_53)","decl":{"start":{"line":158,"column":13},"end":{"line":158,"column":25}},"loc":{"start":{"line":158,"column":25},"end":{"line":165,"column":null}},"line":158}},"branchMap":{"0":{"loc":{"start":{"line":22,"column":21},"end":{"line":24,"column":null}},"type":"cond-expr","locations":[{"start":{"line":23,"column":10},"end":{"line":23,"column":null}},{"start":{"line":24,"column":10},"end":{"line":24,"column":null}}],"line":22},"1":{"loc":{"start":{"line":64,"column":8},"end":{"line":64,"column":null}},"type":"cond-expr","locations":[{"start":{"line":64,"column":22},"end":{"line":64,"column":45}},{"start":{"line":64,"column":45},"end":{"line":64,"column":null}}],"line":64},"2":{"loc":{"start":{"line":73,"column":12},"end":{"line":73,"column":null}},"type":"cond-expr","locations":[{"start":{"line":73,"column":33},"end":{"line":73,"column":56}},{"start":{"line":73,"column":56},"end":{"line":73,"column":null}}],"line":73},"3":{"loc":{"start":{"line":106,"column":8},"end":{"line":108,"column":null}},"type":"if","locations":[{"start":{"line":106,"column":8},"end":{"line":108,"column":null}},{"start":{},"end":{}}],"line":106},"4":{"loc":{"start":{"line":106,"column":12},"end":{"line":106,"column":56}},"type":"binary-expr","locations":[{"start":{"line":106,"column":12},"end":{"line":106,"column":20}},{"start":{"line":106,"column":20},"end":{"line":106,"column":41}},{"start":{"line":106,"column":41},"end":{"line":106,"column":56}}],"line":106},"5":{"loc":{"start":{"line":114,"column":16},"end":{"line":114,"column":null}},"type":"cond-expr","locations":[{"start":{"line":114,"column":30},"end":{"line":114,"column":53}},{"start":{"line":114,"column":53},"end":{"line":114,"column":null}}],"line":114},"6":{"loc":{"start":{"line":122,"column":26},"end":{"line":122,"column":44}},"type":"default-arg","locations":[{"start":{"line":122,"column":37},"end":{"line":122,"column":44}}],"line":122},"7":{"loc":{"start":{"line":140,"column":8},"end":{"line":140,"column":null}},"type":"cond-expr","locations":[{"start":{"line":140,"column":22},"end":{"line":140,"column":45}},{"start":{"line":140,"column":45},"end":{"line":140,"column":null}}],"line":140},"8":{"loc":{"start":{"line":149,"column":34},"end":{"line":149,"column":83}},"type":"cond-expr","locations":[{"start":{"line":149,"column":52},"end":{"line":149,"column":82}},{"start":{"line":149,"column":82},"end":{"line":149,"column":83}}],"line":149}},"s":{"0":1,"1":1,"2":1,"3":2,"4":2,"5":0,"6":1,"7":1,"8":0,"9":0,"10":0,"11":0,"12":0,"13":0,"14":0,"15":0,"16":0,"17":0,"18":0,"19":0,"20":0,"21":0,"22":0,"23":5,"24":5,"25":5,"26":1,"27":1,"28":1,"29":1,"30":1,"31":1,"32":2,"33":1,"34":2,"35":1,"36":1,"37":1,"38":1,"39":1,"40":0,"41":0,"42":0,"43":0,"44":0,"45":1,"46":1,"47":1,"48":1,"49":1,"50":1,"51":1,"52":0,"53":1,"54":1,"55":1,"56":0,"57":1,"58":1,"59":1,"60":0,"61":1,"62":2,"63":1,"64":1,"65":1,"66":1,"67":1,"68":1,"69":1,"70":1,"71":1,"72":1,"73":1,"74":1,"75":1,"76":1},"f":{"0":1,"1":2,"2":2,"3":0,"4":1,"5":1,"6":0,"7":0,"8":0,"9":0,"10":0,"11":0,"12":0,"13":0,"14":0,"15":0,"16":0,"17":0,"18":5,"19":5,"20":1,"21":1,"22":1,"23":1,"24":1,"25":2,"26":2,"27":1,"28":1,"29":1,"30":1,"31":0,"32":0,"33":0,"34":0,"35":1,"36":1,"37":1,"38":1,"39":0,"40":1,"41":1,"42":0,"43":2,"44":1,"45":1,"46":1,"47":1,"48":1,"49":1,"50":1,"51":1,"52":1,"53":1},"b":{"0":[0,2],"1":[1,0],"2":[2,0],"3":[0,1],"4":[1,1,0],"5":[1,0],"6":[1],"7":[1,0],"8":[1,0]},"meta":{"lastBranch":9,"lastFunction":54,"lastStatement":77,"seen":{"s:6:34:11:Infinity":0,"s:13:13:166:Infinity":1,"f:13:46:13:47":0,"s:13:61:166:2":2,"f:21:23:21:24":1,"s:21:31:25:Infinity":3,"f:21:35:21:36":2,"s:21:47:25:4":4,"b:23:10:23:Infinity:24:10:24:Infinity":0,"f:23:39:23:46":3,"s:23:46:23:56":5,"f:26:18:26:24":4,"s:26:24:26:Infinity":6,"f:27:13:27:14":5,"s:27:22:27:Infinity":7,"f:31:18:31:19":6,"s:31:29:31:Infinity":8,"f:33:19:33:20":7,"s:33:31:33:Infinity":9,"f:35:14:35:15":8,"s:36:19:36:Infinity":10,"s:37:4:37:Infinity":11,"f:37:8:37:9":9,"s:37:20:37:70":12,"s:38:4:38:Infinity":13,"f:41:21:41:22":10,"s:42:4:42:Infinity":14,"f:42:8:42:9":11,"s:42:20:42:82":15,"f:42:62:42:67":12,"s:42:67:42:78":16,"s:43:4:43:Infinity":17,"f:48:13:48:14":13,"s:48:25:50:Infinity":18,"f:48:29:48:30":14,"s:48:41:50:4":19,"f:51:16:51:17":15,"s:51:24:53:Infinity":20,"f:51:28:51:29":16,"s:51:40:53:4":21,"f:52:34:52:39":17,"s:52:39:52:50":22,"f:56:11:56:12":18,"s:57:4:57:Infinity":23,"f:57:8:57:9":19,"s:57:20:57:54":24,"s:58:4:58:Infinity":25,"f:61:14:61:15":20,"s:62:4:66:Infinity":26,"f:62:8:62:9":21,"s:62:20:66:6":27,"f:63:29:63:30":22,"s:64:8:64:Infinity":28,"b:64:22:64:45:64:45:64:Infinity":1,"s:67:4:67:Infinity":29,"f:70:15:70:16":23,"s:71:4:76:Infinity":30,"f:71:8:71:9":24,"s:71:20:76:6":31,"f:72:31:72:32":25,"s:73:12:73:Infinity":32,"b:73:33:73:56:73:56:73:Infinity":2,"s:78:4:78:Infinity":33,"f:78:16:78:22":26,"s:78:22:78:70":34,"f:81:14:81:15":27,"s:82:4:85:Infinity":35,"f:82:8:82:9":28,"s:82:20:85:6":36,"f:83:32:83:33":29,"s:83:39:83:50":37,"f:84:52:84:59":30,"s:84:59:84:69":38,"s:86:4:86:Infinity":39,"f:89:15:89:16":31,"s:90:6:93:Infinity":40,"f:90:10:90:11":32,"s:90:22:93:8":41,"f:91:34:91:39":33,"s:91:39:91:58":42,"s:94:6:94:Infinity":43,"f:94:18:94:24":34,"s:94:24:94:63":44,"f:97:12:97:13":35,"s:98:4:117:Infinity":45,"f:98:8:98:9":36,"s:99:20:99:Infinity":46,"s:100:25:100:Infinity":47,"s:103:21:103:Infinity":48,"f:103:38:103:43":37,"s:103:43:103:54":49,"s:104:29:104:Infinity":50,"b:106:8:108:Infinity:undefined:undefined:undefined:undefined":3,"s:106:8:108:Infinity":51,"b:106:12:106:20:106:20:106:41:106:41:106:56":4,"s:107:12:107:Infinity":52,"s:110:8:110:Infinity":53,"s:112:8:116:Infinity":54,"f:113:35:113:36":38,"s:114:16:114:Infinity":55,"b:114:30:114:53:114:53:114:Infinity":5,"f:120:16:120:17":39,"s:120:30:120:Infinity":56,"f:122:15:122:16":40,"b:122:37:122:44":6,"s:123:4:126:Infinity":57,"f:123:8:123:9":41,"s:123:20:126:6":58,"s:127:4:127:Infinity":59,"f:127:21:127:26":42,"s:127:26:127:64":60,"s:128:4:128:Infinity":61,"f:128:21:128:26":43,"s:128:26:128:64":62,"f:132:11:132:12":44,"s:133:6:133:Infinity":63,"f:133:10:133:11":45,"s:133:22:133:56":64,"s:134:6:134:Infinity":65,"f:137:14:137:15":46,"s:138:4:142:Infinity":66,"f:138:8:138:9":47,"s:138:20:142:6":67,"f:139:29:139:30":48,"s:140:8:140:Infinity":68,"b:140:22:140:45:140:45:140:Infinity":7,"s:143:4:143:Infinity":69,"f:146:14:146:15":49,"s:147:4:150:Infinity":70,"f:147:8:147:9":50,"s:147:20:150:6":71,"f:148:32:148:33":51,"s:148:39:148:50":72,"f:149:29:149:34":52,"s:149:34:149:83":73,"b:149:52:149:82:149:82:149:83":8,"s:151:4:151:Infinity":74,"f:158:13:158:25":53,"s:159:38:163:Infinity":75,"s:164:6:164:Infinity":76}}}
,"/Users/woxacorp./workspace/TodoListManagementGoogle/src/utils/cn.ts": {"path":"/Users/woxacorp./workspace/TodoListManagementGoogle/src/utils/cn.ts","statementMap":{"0":{"start":{"line":5,"column":2},"end":{"line":5,"column":null}}},"fnMap":{"0":{"name":"cn","decl":{"start":{"line":4,"column":16},"end":{"line":4,"column":22}},"loc":{"start":{"line":4,"column":44},"end":{"line":6,"column":null}},"line":4}},"branchMap":{},"s":{"0":12},"f":{"0":12},"b":{},"meta":{"lastBranch":0,"lastFunction":1,"lastStatement":1,"seen":{"f:4:16:4:22":0,"s:5:2:5:Infinity":0}}}
,"/Users/woxacorp./workspace/TodoListManagementGoogle/src/utils/parser.ts": {"path":"/Users/woxacorp./workspace/TodoListManagementGoogle/src/utils/parser.ts","statementMap":{"0":{"start":{"line":4,"column":31},"end":{"line":114,"column":null}},"1":{"start":{"line":5,"column":16},"end":{"line":5,"column":null}},"2":{"start":{"line":5,"column":45},"end":{"line":5,"column":60}},"3":{"start":{"line":6,"column":24},"end":{"line":6,"column":null}},"4":{"start":{"line":7,"column":26},"end":{"line":7,"column":null}},"5":{"start":{"line":9,"column":22},"end":{"line":9,"column":null}},"6":{"start":{"line":10,"column":20},"end":{"line":10,"column":null}},"7":{"start":{"line":11,"column":42},"end":{"line":11,"column":null}},"8":{"start":{"line":12,"column":30},"end":{"line":12,"column":null}},"9":{"start":{"line":15,"column":22},"end":{"line":15,"column":null}},"10":{"start":{"line":16,"column":20},"end":{"line":16,"column":null}},"11":{"start":{"line":17,"column":20},"end":{"line":17,"column":null}},"12":{"start":{"line":18,"column":24},"end":{"line":18,"column":null}},"13":{"start":{"line":20,"column":2},"end":{"line":111,"column":null}},"14":{"start":{"line":21,"column":20},"end":{"line":21,"column":null}},"15":{"start":{"line":24,"column":24},"end":{"line":24,"column":null}},"16":{"start":{"line":25,"column":4},"end":{"line":28,"column":null}},"17":{"start":{"line":26,"column":6},"end":{"line":26,"column":null}},"18":{"start":{"line":27,"column":6},"end":{"line":27,"column":null}},"19":{"start":{"line":31,"column":22},"end":{"line":31,"column":null}},"20":{"start":{"line":32,"column":4},"end":{"line":57,"column":null}},"21":{"start":{"line":33,"column":24},"end":{"line":33,"column":null}},"22":{"start":{"line":36,"column":27},"end":{"line":36,"column":null}},"23":{"start":{"line":36,"column":51},"end":{"line":36,"column":100}},"24":{"start":{"line":37,"column":6},"end":{"line":55,"column":null}},"25":{"start":{"line":38,"column":8},"end":{"line":38,"column":null}},"26":{"start":{"line":41,"column":31},"end":{"line":41,"column":null}},"27":{"start":{"line":41,"column":50},"end":{"line":41,"column":99}},"28":{"start":{"line":42,"column":8},"end":{"line":54,"column":null}},"29":{"start":{"line":43,"column":10},"end":{"line":43,"column":null}},"30":{"start":{"line":46,"column":26},"end":{"line":51,"column":null}},"31":{"start":{"line":52,"column":10},"end":{"line":52,"column":null}},"32":{"start":{"line":53,"column":10},"end":{"line":53,"column":null}},"33":{"start":{"line":56,"column":6},"end":{"line":56,"column":null}},"34":{"start":{"line":60,"column":22},"end":{"line":60,"column":null}},"35":{"start":{"line":61,"column":4},"end":{"line":65,"column":null}},"36":{"start":{"line":62,"column":36},"end":{"line":62,"column":null}},"37":{"start":{"line":63,"column":6},"end":{"line":63,"column":null}},"38":{"start":{"line":64,"column":6},"end":{"line":64,"column":null}},"39":{"start":{"line":68,"column":24},"end":{"line":68,"column":null}},"40":{"start":{"line":69,"column":4},"end":{"line":110,"column":null}},"41":{"start":{"line":70,"column":44},"end":{"line":70,"column":null}},"42":{"start":{"line":71,"column":24},"end":{"line":71,"column":null}},"43":{"start":{"line":73,"column":25},"end":{"line":73,"column":null}},"44":{"start":{"line":74,"column":26},"end":{"line":74,"column":null}},"45":{"start":{"line":75,"column":20},"end":{"line":75,"column":null}},"46":{"start":{"line":77,"column":6},"end":{"line":109,"column":null}},"47":{"start":{"line":78,"column":8},"end":{"line":82,"column":null}},"48":{"start":{"line":85,"column":37},"end":{"line":85,"column":null}},"49":{"start":{"line":86,"column":27},"end":{"line":86,"column":null}},"50":{"start":{"line":88,"column":8},"end":{"line":90,"column":null}},"51":{"start":{"line":88,"column":70},"end":{"line":88,"column":null}},"52":{"start":{"line":88,"column":81},"end":{"line":90,"column":null}},"53":{"start":{"line":89,"column":78},"end":{"line":89,"column":null}},"54":{"start":{"line":89,"column":89},"end":{"line":90,"column":null}},"55":{"start":{"line":90,"column":80},"end":{"line":90,"column":null}},"56":{"start":{"line":92,"column":30},"end":{"line":105,"column":null}},"57":{"start":{"line":107,"column":8},"end":{"line":107,"column":null}},"58":{"start":{"line":108,"column":8},"end":{"line":108,"column":null}},"59":{"start":{"line":113,"column":2},"end":{"line":113,"column":null}}},"fnMap":{"0":{"name":"(anonymous_0)","decl":{"start":{"line":4,"column":31},"end":{"line":4,"column":32}},"loc":{"start":{"line":4,"column":138},"end":{"line":114,"column":null}},"line":4},"1":{"name":"(anonymous_1)","decl":{"start":{"line":5,"column":40},"end":{"line":5,"column":45}},"loc":{"start":{"line":5,"column":45},"end":{"line":5,"column":60}},"line":5},"2":{"name":"(anonymous_2)","decl":{"start":{"line":20,"column":16},"end":{"line":20,"column":24}},"loc":{"start":{"line":20,"column":24},"end":{"line":111,"column":3}},"line":20},"3":{"name":"(anonymous_3)","decl":{"start":{"line":36,"column":46},"end":{"line":36,"column":51}},"loc":{"start":{"line":36,"column":51},"end":{"line":36,"column":100}},"line":36},"4":{"name":"(anonymous_4)","decl":{"start":{"line":41,"column":45},"end":{"line":41,"column":50}},"loc":{"start":{"line":41,"column":50},"end":{"line":41,"column":99}},"line":41}},"branchMap":{"0":{"loc":{"start":{"line":4,"column":46},"end":{"line":4,"column":138}},"type":"default-arg","locations":[{"start":{"line":4,"column":95},"end":{"line":4,"column":138}}],"line":4},"1":{"loc":{"start":{"line":25,"column":4},"end":{"line":28,"column":null}},"type":"if","locations":[{"start":{"line":25,"column":4},"end":{"line":28,"column":null}},{"start":{},"end":{}}],"line":25},"2":{"loc":{"start":{"line":32,"column":4},"end":{"line":57,"column":null}},"type":"if","locations":[{"start":{"line":32,"column":4},"end":{"line":57,"column":null}},{"start":{},"end":{}}],"line":32},"3":{"loc":{"start":{"line":37,"column":6},"end":{"line":55,"column":null}},"type":"if","locations":[{"start":{"line":37,"column":6},"end":{"line":55,"column":null}},{"start":{"line":39,"column":13},"end":{"line":55,"column":null}}],"line":37},"4":{"loc":{"start":{"line":42,"column":8},"end":{"line":54,"column":null}},"type":"if","locations":[{"start":{"line":42,"column":8},"end":{"line":54,"column":null}},{"start":{"line":44,"column":15},"end":{"line":54,"column":null}}],"line":42},"5":{"loc":{"start":{"line":61,"column":4},"end":{"line":65,"column":null}},"type":"if","locations":[{"start":{"line":61,"column":4},"end":{"line":65,"column":null}},{"start":{},"end":{}}],"line":61},"6":{"loc":{"start":{"line":69,"column":4},"end":{"line":110,"column":null}},"type":"if","locations":[{"start":{"line":69,"column":4},"end":{"line":110,"column":null}},{"start":{},"end":{}}],"line":69},"7":{"loc":{"start":{"line":74,"column":26},"end":{"line":74,"column":null}},"type":"cond-expr","locations":[{"start":{"line":74,"column":40},"end":{"line":74,"column":79}},{"start":{"line":74,"column":79},"end":{"line":74,"column":null}}],"line":74},"8":{"loc":{"start":{"line":75,"column":20},"end":{"line":75,"column":null}},"type":"cond-expr","locations":[{"start":{"line":75,"column":33},"end":{"line":75,"column":49}},{"start":{"line":75,"column":49},"end":{"line":75,"column":null}}],"line":75},"9":{"loc":{"start":{"line":77,"column":6},"end":{"line":109,"column":null}},"type":"if","locations":[{"start":{"line":77,"column":6},"end":{"line":109,"column":null}},{"start":{"line":83,"column":13},"end":{"line":109,"column":null}}],"line":77},"10":{"loc":{"start":{"line":77,"column":10},"end":{"line":77,"column":33}},"type":"binary-expr","locations":[{"start":{"line":77,"column":10},"end":{"line":77,"column":23}},{"start":{"line":77,"column":23},"end":{"line":77,"column":33}}],"line":77},"11":{"loc":{"start":{"line":88,"column":8},"end":{"line":90,"column":null}},"type":"if","locations":[{"start":{"line":88,"column":8},"end":{"line":90,"column":null}},{"start":{"line":88,"column":81},"end":{"line":90,"column":null}}],"line":88},"12":{"loc":{"start":{"line":88,"column":12},"end":{"line":88,"column":70}},"type":"binary-expr","locations":[{"start":{"line":88,"column":12},"end":{"line":88,"column":42}},{"start":{"line":88,"column":42},"end":{"line":88,"column":70}}],"line":88},"13":{"loc":{"start":{"line":88,"column":81},"end":{"line":90,"column":null}},"type":"if","locations":[{"start":{"line":88,"column":81},"end":{"line":90,"column":null}},{"start":{"line":89,"column":89},"end":{"line":90,"column":null}}],"line":88},"14":{"loc":{"start":{"line":89,"column":17},"end":{"line":89,"column":78}},"type":"binary-expr","locations":[{"start":{"line":89,"column":17},"end":{"line":89,"column":47}},{"start":{"line":89,"column":47},"end":{"line":89,"column":78}}],"line":89},"15":{"loc":{"start":{"line":89,"column":89},"end":{"line":90,"column":null}},"type":"if","locations":[{"start":{"line":89,"column":89},"end":{"line":90,"column":null}},{"start":{},"end":{}}],"line":89},"16":{"loc":{"start":{"line":90,"column":17},"end":{"line":90,"column":80}},"type":"binary-expr","locations":[{"start":{"line":90,"column":17},"end":{"line":90,"column":51}},{"start":{"line":90,"column":51},"end":{"line":90,"column":80}}],"line":90},"17":{"loc":{"start":{"line":96,"column":18},"end":{"line":96,"column":null}},"type":"cond-expr","locations":[{"start":{"line":96,"column":32},"end":{"line":96,"column":41}},{"start":{"line":96,"column":41},"end":{"line":96,"column":null}}],"line":96},"18":{"loc":{"start":{"line":98,"column":18},"end":{"line":98,"column":null}},"type":"binary-expr","locations":[{"start":{"line":98,"column":18},"end":{"line":98,"column":35}},{"start":{"line":98,"column":35},"end":{"line":98,"column":null}}],"line":98}},"s":{"0":2,"1":10,"2":28,"3":10,"4":10,"5":10,"6":10,"7":10,"8":10,"9":10,"10":10,"11":10,"12":10,"13":10,"14":27,"15":27,"16":27,"17":2,"18":2,"19":25,"20":25,"21":4,"22":4,"23":1,"24":4,"25":1,"26":3,"27":1,"28":3,"29":0,"30":3,"31":3,"32":3,"33":4,"34":21,"35":21,"36":3,"37":3,"38":3,"39":18,"40":18,"41":18,"42":18,"43":18,"44":18,"45":18,"46":18,"47":3,"48":15,"49":15,"50":15,"51":1,"52":14,"53":1,"54":13,"55":1,"56":15,"57":15,"58":15,"59":10},"f":{"0":10,"1":28,"2":27,"3":1,"4":1},"b":{"0":[10],"1":[2,25],"2":[4,21],"3":[1,3],"4":[0,3],"5":[3,18],"6":[18,0],"7":[3,15],"8":[3,15],"9":[3,15],"10":[18,3],"11":[1,14],"12":[15,14],"13":[1,13],"14":[14,13],"15":[1,12],"16":[13,12],"17":[1,14],"18":[15,12]},"meta":{"lastBranch":19,"lastFunction":5,"lastStatement":60,"seen":{"s:4:31:114:Infinity":0,"f:4:31:4:32":0,"b:4:95:4:138":0,"s:5:16:5:Infinity":1,"f:5:40:5:45":1,"s:5:45:5:60":2,"s:6:24:6:Infinity":3,"s:7:26:7:Infinity":4,"s:9:22:9:Infinity":5,"s:10:20:10:Infinity":6,"s:11:42:11:Infinity":7,"s:12:30:12:Infinity":8,"s:15:22:15:Infinity":9,"s:16:20:16:Infinity":10,"s:17:20:17:Infinity":11,"s:18:24:18:Infinity":12,"s:20:2:111:Infinity":13,"f:20:16:20:24":2,"s:21:20:21:Infinity":14,"s:24:24:24:Infinity":15,"b:25:4:28:Infinity:undefined:undefined:undefined:undefined":1,"s:25:4:28:Infinity":16,"s:26:6:26:Infinity":17,"s:27:6:27:Infinity":18,"s:31:22:31:Infinity":19,"b:32:4:57:Infinity:undefined:undefined:undefined:undefined":2,"s:32:4:57:Infinity":20,"s:33:24:33:Infinity":21,"s:36:27:36:Infinity":22,"f:36:46:36:51":3,"s:36:51:36:100":23,"b:37:6:55:Infinity:39:13:55:Infinity":3,"s:37:6:55:Infinity":24,"s:38:8:38:Infinity":25,"s:41:31:41:Infinity":26,"f:41:45:41:50":4,"s:41:50:41:99":27,"b:42:8:54:Infinity:44:15:54:Infinity":4,"s:42:8:54:Infinity":28,"s:43:10:43:Infinity":29,"s:46:26:51:Infinity":30,"s:52:10:52:Infinity":31,"s:53:10:53:Infinity":32,"s:56:6:56:Infinity":33,"s:60:22:60:Infinity":34,"b:61:4:65:Infinity:undefined:undefined:undefined:undefined":5,"s:61:4:65:Infinity":35,"s:62:36:62:Infinity":36,"s:63:6:63:Infinity":37,"s:64:6:64:Infinity":38,"s:68:24:68:Infinity":39,"b:69:4:110:Infinity:undefined:undefined:undefined:undefined":6,"s:69:4:110:Infinity":40,"s:70:44:70:Infinity":41,"s:71:24:71:Infinity":42,"s:73:25:73:Infinity":43,"s:74:26:74:Infinity":44,"b:74:40:74:79:74:79:74:Infinity":7,"s:75:20:75:Infinity":45,"b:75:33:75:49:75:49:75:Infinity":8,"b:77:6:109:Infinity:83:13:109:Infinity":9,"s:77:6:109:Infinity":46,"b:77:10:77:23:77:23:77:33":10,"s:78:8:82:Infinity":47,"s:85:37:85:Infinity":48,"s:86:27:86:Infinity":49,"b:88:8:90:Infinity:88:81:90:Infinity":11,"s:88:8:90:Infinity":50,"b:88:12:88:42:88:42:88:70":12,"s:88:70:88:Infinity":51,"b:88:81:90:Infinity:89:89:90:Infinity":13,"s:88:81:90:Infinity":52,"b:89:17:89:47:89:47:89:78":14,"s:89:78:89:Infinity":53,"b:89:89:90:Infinity:undefined:undefined:undefined:undefined":15,"s:89:89:90:Infinity":54,"b:90:17:90:51:90:51:90:80":16,"s:90:80:90:Infinity":55,"s:92:30:105:Infinity":56,"b:96:32:96:41:96:41:96:Infinity":17,"b:98:18:98:35:98:35:98:Infinity":18,"s:107:8:107:Infinity":57,"s:108:8:108:Infinity":58,"s:113:2:113:Infinity":59}}}
}
