{"/Users/woxacorp./workspace/TodoListManagementGoogle/src/components/TaskCard.tsx": {"path":"/Users/woxacorp./workspace/TodoListManagementGoogle/src/components/TaskCard.tsx","statementMap":{"0":{"start":{"line":16,"column":48},"end":{"line":22,"column":null}},"1":{"start":{"line":24,"column":24},"end":{"line":165,"column":null}},"2":{"start":{"line":32,"column":2},"end":{"line":38,"column":null}},"3":{"start":{"line":40,"column":16},"end":{"line":43,"column":null}},"4":{"start":{"line":45,"column":28},"end":{"line":45,"column":null}},"5":{"start":{"line":45,"column":56},"end":{"line":45,"column":67}},"6":{"start":{"line":46,"column":24},"end":{"line":46,"column":null}},"7":{"start":{"line":47,"column":19},"end":{"line":47,"column":null}},"8":{"start":{"line":49,"column":2},"end":{"line":57,"column":null}},"9":{"start":{"line":50,"column":4},"end":{"line":55,"column":null}},"10":{"start":{"line":59,"column":2},"end":{"line":163,"column":null}},"11":{"start":{"line":66,"column":10},"end":{"line":71,"column":null}},"12":{"start":{"line":67,"column":14},"end":{"line":67,"column":null}},"13":{"start":{"line":68,"column":14},"end":{"line":68,"column":null}},"14":{"start":{"line":70,"column":14},"end":{"line":70,"column":null}},"15":{"start":{"line":82,"column":16},"end":{"line":82,"column":null}},"16":{"start":{"line":83,"column":16},"end":{"line":83,"column":null}},"17":{"start":{"line":143,"column":164},"end":{"line":143,"column":null}},"18":{"start":{"line":152,"column":20},"end":{"line":158,"column":null}}},"fnMap":{"0":{"name":"(anonymous_0)","decl":{"start":{"line":24,"column":24},"end":{"line":24,"column":25}},"loc":{"start":{"line":24,"column":97},"end":{"line":165,"column":null}},"line":24},"1":{"name":"(anonymous_1)","decl":{"start":{"line":45,"column":49},"end":{"line":45,"column":50}},"loc":{"start":{"line":45,"column":56},"end":{"line":45,"column":67}},"line":45},"2":{"name":"(anonymous_2)","decl":{"start":{"line":65,"column":15},"end":{"line":65,"column":16}},"loc":{"start":{"line":65,"column":22},"end":{"line":72,"column":null}},"line":65},"3":{"name":"(anonymous_3)","decl":{"start":{"line":81,"column":21},"end":{"line":81,"column":22}},"loc":{"start":{"line":81,"column":28},"end":{"line":84,"column":null}},"line":81},"4":{"name":"(anonymous_4)","decl":{"start":{"line":143,"column":157},"end":{"line":143,"column":158}},"loc":{"start":{"line":143,"column":164},"end":{"line":143,"column":null}},"line":143},"5":{"name":"(anonymous_5)","decl":{"start":{"line":151,"column":36},"end":{"line":151,"column":37}},"loc":{"start":{"line":152,"column":20},"end":{"line":158,"column":null}},"line":152}},"branchMap":{"0":{"loc":{"start":{"line":47,"column":19},"end":{"line":47,"column":null}},"type":"cond-expr","locations":[{"start":{"line":47,"column":41},"end":{"line":47,"column":46}},{"start":{"line":47,"column":46},"end":{"line":47,"column":null}}],"line":47},"1":{"loc":{"start":{"line":49,"column":2},"end":{"line":57,"column":null}},"type":"if","locations":[{"start":{"line":49,"column":2},"end":{"line":57,"column":null}},{"start":{},"end":{}}],"line":49},"2":{"loc":{"start":{"line":66,"column":10},"end":{"line":71,"column":null}},"type":"if","locations":[{"start":{"line":66,"column":10},"end":{"line":71,"column":null}},{"start":{"line":69,"column":17},"end":{"line":71,"column":null}}],"line":66},"3":{"loc":{"start":{"line":75,"column":8},"end":{"line":75,"column":null}},"type":"cond-expr","locations":[{"start":{"line":75,"column":19},"end":{"line":75,"column":58}},{"start":{"line":75,"column":58},"end":{"line":75,"column":null}}],"line":75},"4":{"loc":{"start":{"line":87,"column":16},"end":{"line":87,"column":null}},"type":"cond-expr","locations":[{"start":{"line":87,"column":27},"end":{"line":87,"column":69}},{"start":{"line":87,"column":69},"end":{"line":87,"column":null}}],"line":87},"5":{"loc":{"start":{"line":88,"column":16},"end":{"line":88,"column":null}},"type":"binary-expr","locations":[{"start":{"line":88,"column":16},"end":{"line":88,"column":33}},{"start":{"line":88,"column":33},"end":{"line":88,"column":null}}],"line":88},"6":{"loc":{"start":{"line":91,"column":13},"end":{"line":91,"column":null}},"type":"binary-expr","locations":[{"start":{"line":91,"column":13},"end":{"line":91,"column":25}},{"start":{"line":91,"column":25},"end":{"line":91,"column":null}}],"line":91},"7":{"loc":{"start":{"line":98,"column":12},"end":{"line":98,"column":null}},"type":"binary-expr","locations":[{"start":{"line":98,"column":12},"end":{"line":98,"column":46}},{"start":{"line":98,"column":46},"end":{"line":98,"column":null}}],"line":98},"8":{"loc":{"start":{"line":103,"column":9},"end":{"line":106,"column":null}},"type":"binary-expr","locations":[{"start":{"line":103,"column":9},"end":{"line":103,"column":null}},{"start":{"line":104,"column":12},"end":{"line":106,"column":null}}],"line":103},"9":{"loc":{"start":{"line":116,"column":7},"end":{"line":131,"column":null}},"type":"binary-expr","locations":[{"start":{"line":116,"column":7},"end":{"line":116,"column":null}},{"start":{"line":117,"column":8},"end":{"line":131,"column":null}}],"line":116},"10":{"loc":{"start":{"line":136,"column":13},"end":{"line":140,"column":null}},"type":"binary-expr","locations":[{"start":{"line":136,"column":13},"end":{"line":136,"column":null}},{"start":{"line":137,"column":17},"end":{"line":140,"column":null}}],"line":136},"11":{"loc":{"start":{"line":142,"column":14},"end":{"line":145,"column":null}},"type":"binary-expr","locations":[{"start":{"line":142,"column":14},"end":{"line":142,"column":null}},{"start":{"line":143,"column":16},"end":{"line":145,"column":null}}],"line":142},"12":{"loc":{"start":{"line":149,"column":9},"end":{"line":160,"column":null}},"type":"binary-expr","locations":[{"start":{"line":149,"column":9},"end":{"line":149,"column":null}},{"start":{"line":150,"column":12},"end":{"line":160,"column":null}}],"line":149}},"s":{"0":1,"1":1,"2":4,"3":4,"4":4,"5":8,"6":4,"7":4,"8":4,"9":0,"10":4,"11":1,"12":0,"13":0,"14":1,"15":1,"16":1,"17":0,"18":4},"f":{"0":4,"1":8,"2":1,"3":1,"4":0,"5":4},"b":{"0":[0,4],"1":[0,4],"2":[0,1],"3":[1,3],"4":[1,3],"5":[4,0],"6":[4,1],"7":[4,0],"8":[4,4],"9":[4,4],"10":[4,4],"11":[4,0],"12":[4,4]},"meta":{"lastBranch":13,"lastFunction":6,"lastStatement":19,"seen":{"s:16:48:22:Infinity":0,"s:24:24:165:Infinity":1,"f:24:24:24:25":0,"s:32:2:38:Infinity":2,"s:40:16:43:Infinity":3,"s:45:28:45:Infinity":4,"f:45:49:45:50":1,"s:45:56:45:67":5,"s:46:24:46:Infinity":6,"s:47:19:47:Infinity":7,"b:47:41:47:46:47:46:47:Infinity":0,"b:49:2:57:Infinity:undefined:undefined:undefined:undefined":1,"s:49:2:57:Infinity":8,"s:50:4:55:Infinity":9,"s:59:2:163:Infinity":10,"f:65:15:65:16":2,"b:66:10:71:Infinity:69:17:71:Infinity":2,"s:66:10:71:Infinity":11,"s:67:14:67:Infinity":12,"s:68:14:68:Infinity":13,"s:70:14:70:Infinity":14,"b:75:19:75:58:75:58:75:Infinity":3,"f:81:21:81:22":3,"s:82:16:82:Infinity":15,"s:83:16:83:Infinity":16,"b:87:27:87:69:87:69:87:Infinity":4,"b:88:16:88:33:88:33:88:Infinity":5,"b:91:13:91:25:91:25:91:Infinity":6,"b:98:12:98:46:98:46:98:Infinity":7,"b:103:9:103:Infinity:104:12:106:Infinity":8,"b:116:7:116:Infinity:117:8:131:Infinity":9,"b:136:13:136:Infinity:137:17:140:Infinity":10,"b:142:14:142:Infinity:143:16:145:Infinity":11,"f:143:157:143:158":4,"s:143:164:143:Infinity":17,"b:149:9:149:Infinity:150:12:160:Infinity":12,"f:151:36:151:37":5,"s:152:20:158:Infinity":18}}}
,"/Users/woxacorp./workspace/TodoListManagementGoogle/src/store/useTaskStore.ts": {"path":"/Users/woxacorp./workspace/TodoListManagementGoogle/src/store/useTaskStore.ts","statementMap":{"0":{"start":{"line":6,"column":34},"end":{"line":11,"column":null}},"1":{"start":{"line":13,"column":13},"end":{"line":90,"column":null}},"2":{"start":{"line":15,"column":14},"end":{"line":85,"column":null}},"3":{"start":{"line":21,"column":35},"end":{"line":25,"column":null}},"4":{"start":{"line":21,"column":51},"end":{"line":25,"column":8}},"5":{"start":{"line":23,"column":50},"end":{"line":23,"column":60}},"6":{"start":{"line":26,"column":28},"end":{"line":26,"column":null}},"7":{"start":{"line":27,"column":26},"end":{"line":27,"column":null}},"8":{"start":{"line":31,"column":33},"end":{"line":31,"column":null}},"9":{"start":{"line":33,"column":35},"end":{"line":33,"column":null}},"10":{"start":{"line":35,"column":38},"end":{"line":37,"column":null}},"11":{"start":{"line":35,"column":54},"end":{"line":37,"column":8}},"12":{"start":{"line":38,"column":33},"end":{"line":40,"column":null}},"13":{"start":{"line":38,"column":49},"end":{"line":40,"column":8}},"14":{"start":{"line":39,"column":53},"end":{"line":39,"column":64}},"15":{"start":{"line":44,"column":29},"end":{"line":46,"column":null}},"16":{"start":{"line":44,"column":45},"end":{"line":46,"column":8}},"17":{"start":{"line":47,"column":28},"end":{"line":49,"column":null}},"18":{"start":{"line":47,"column":44},"end":{"line":49,"column":8}},"19":{"start":{"line":48,"column":43},"end":{"line":48,"column":54}},"20":{"start":{"line":53,"column":8},"end":{"line":53,"column":null}},"21":{"start":{"line":53,"column":24},"end":{"line":53,"column":58}},"22":{"start":{"line":55,"column":8},"end":{"line":59,"column":null}},"23":{"start":{"line":55,"column":24},"end":{"line":59,"column":10}},"24":{"start":{"line":57,"column":12},"end":{"line":57,"column":null}},"25":{"start":{"line":61,"column":8},"end":{"line":66,"column":null}},"26":{"start":{"line":61,"column":24},"end":{"line":66,"column":10}},"27":{"start":{"line":63,"column":16},"end":{"line":63,"column":null}},"28":{"start":{"line":68,"column":8},"end":{"line":71,"column":null}},"29":{"start":{"line":68,"column":24},"end":{"line":71,"column":10}},"30":{"start":{"line":69,"column":43},"end":{"line":69,"column":54}},"31":{"start":{"line":70,"column":63},"end":{"line":70,"column":73}},"32":{"start":{"line":72,"column":28},"end":{"line":75,"column":null}},"33":{"start":{"line":72,"column":44},"end":{"line":75,"column":8}},"34":{"start":{"line":73,"column":39},"end":{"line":73,"column":58}},"35":{"start":{"line":77,"column":8},"end":{"line":81,"column":null}},"36":{"start":{"line":77,"column":24},"end":{"line":81,"column":10}},"37":{"start":{"line":79,"column":12},"end":{"line":79,"column":null}},"38":{"start":{"line":82,"column":34},"end":{"line":82,"column":null}},"39":{"start":{"line":84,"column":8},"end":{"line":84,"column":null}},"40":{"start":{"line":84,"column":24},"end":{"line":84,"column":65}}},"fnMap":{"0":{"name":"(anonymous_0)","decl":{"start":{"line":15,"column":4},"end":{"line":15,"column":5}},"loc":{"start":{"line":15,"column":14},"end":{"line":85,"column":null}},"line":15},"1":{"name":"(anonymous_1)","decl":{"start":{"line":21,"column":27},"end":{"line":21,"column":28}},"loc":{"start":{"line":21,"column":35},"end":{"line":25,"column":null}},"line":21},"2":{"name":"(anonymous_2)","decl":{"start":{"line":21,"column":39},"end":{"line":21,"column":40}},"loc":{"start":{"line":21,"column":51},"end":{"line":25,"column":8}},"line":21},"3":{"name":"(anonymous_3)","decl":{"start":{"line":23,"column":43},"end":{"line":23,"column":50}},"loc":{"start":{"line":23,"column":50},"end":{"line":23,"column":60}},"line":23},"4":{"name":"(anonymous_4)","decl":{"start":{"line":26,"column":22},"end":{"line":26,"column":28}},"loc":{"start":{"line":26,"column":28},"end":{"line":26,"column":null}},"line":26},"5":{"name":"(anonymous_5)","decl":{"start":{"line":27,"column":17},"end":{"line":27,"column":18}},"loc":{"start":{"line":27,"column":26},"end":{"line":27,"column":null}},"line":27},"6":{"name":"(anonymous_6)","decl":{"start":{"line":31,"column":22},"end":{"line":31,"column":23}},"loc":{"start":{"line":31,"column":33},"end":{"line":31,"column":null}},"line":31},"7":{"name":"(anonymous_7)","decl":{"start":{"line":33,"column":23},"end":{"line":33,"column":24}},"loc":{"start":{"line":33,"column":35},"end":{"line":33,"column":null}},"line":33},"8":{"name":"(anonymous_8)","decl":{"start":{"line":35,"column":18},"end":{"line":35,"column":19}},"loc":{"start":{"line":35,"column":38},"end":{"line":37,"column":null}},"line":35},"9":{"name":"(anonymous_9)","decl":{"start":{"line":35,"column":42},"end":{"line":35,"column":43}},"loc":{"start":{"line":35,"column":54},"end":{"line":37,"column":8}},"line":35},"10":{"name":"(anonymous_10)","decl":{"start":{"line":38,"column":25},"end":{"line":38,"column":26}},"loc":{"start":{"line":38,"column":33},"end":{"line":40,"column":null}},"line":38},"11":{"name":"(anonymous_11)","decl":{"start":{"line":38,"column":37},"end":{"line":38,"column":38}},"loc":{"start":{"line":38,"column":49},"end":{"line":40,"column":8}},"line":38},"12":{"name":"(anonymous_12)","decl":{"start":{"line":39,"column":48},"end":{"line":39,"column":53}},"loc":{"start":{"line":39,"column":53},"end":{"line":39,"column":64}},"line":39},"13":{"name":"(anonymous_13)","decl":{"start":{"line":44,"column":17},"end":{"line":44,"column":18}},"loc":{"start":{"line":44,"column":29},"end":{"line":46,"column":null}},"line":44},"14":{"name":"(anonymous_14)","decl":{"start":{"line":44,"column":33},"end":{"line":44,"column":34}},"loc":{"start":{"line":44,"column":45},"end":{"line":46,"column":8}},"line":44},"15":{"name":"(anonymous_15)","decl":{"start":{"line":47,"column":20},"end":{"line":47,"column":21}},"loc":{"start":{"line":47,"column":28},"end":{"line":49,"column":null}},"line":47},"16":{"name":"(anonymous_16)","decl":{"start":{"line":47,"column":32},"end":{"line":47,"column":33}},"loc":{"start":{"line":47,"column":44},"end":{"line":49,"column":8}},"line":47},"17":{"name":"(anonymous_17)","decl":{"start":{"line":48,"column":38},"end":{"line":48,"column":43}},"loc":{"start":{"line":48,"column":43},"end":{"line":48,"column":54}},"line":48},"18":{"name":"(anonymous_18)","decl":{"start":{"line":52,"column":15},"end":{"line":52,"column":16}},"loc":{"start":{"line":53,"column":8},"end":{"line":53,"column":null}},"line":53},"19":{"name":"(anonymous_19)","decl":{"start":{"line":53,"column":12},"end":{"line":53,"column":13}},"loc":{"start":{"line":53,"column":24},"end":{"line":53,"column":58}},"line":53},"20":{"name":"(anonymous_20)","decl":{"start":{"line":54,"column":18},"end":{"line":54,"column":19}},"loc":{"start":{"line":55,"column":8},"end":{"line":59,"column":null}},"line":55},"21":{"name":"(anonymous_21)","decl":{"start":{"line":55,"column":12},"end":{"line":55,"column":13}},"loc":{"start":{"line":55,"column":24},"end":{"line":59,"column":10}},"line":55},"22":{"name":"(anonymous_22)","decl":{"start":{"line":56,"column":33},"end":{"line":56,"column":34}},"loc":{"start":{"line":57,"column":12},"end":{"line":57,"column":null}},"line":57},"23":{"name":"(anonymous_23)","decl":{"start":{"line":60,"column":19},"end":{"line":60,"column":20}},"loc":{"start":{"line":61,"column":8},"end":{"line":66,"column":null}},"line":61},"24":{"name":"(anonymous_24)","decl":{"start":{"line":61,"column":12},"end":{"line":61,"column":13}},"loc":{"start":{"line":61,"column":24},"end":{"line":66,"column":10}},"line":61},"25":{"name":"(anonymous_25)","decl":{"start":{"line":62,"column":35},"end":{"line":62,"column":36}},"loc":{"start":{"line":63,"column":16},"end":{"line":63,"column":null}},"line":63},"26":{"name":"(anonymous_26)","decl":{"start":{"line":67,"column":18},"end":{"line":67,"column":19}},"loc":{"start":{"line":68,"column":8},"end":{"line":71,"column":null}},"line":68},"27":{"name":"(anonymous_27)","decl":{"start":{"line":68,"column":12},"end":{"line":68,"column":13}},"loc":{"start":{"line":68,"column":24},"end":{"line":71,"column":10}},"line":68},"28":{"name":"(anonymous_28)","decl":{"start":{"line":69,"column":36},"end":{"line":69,"column":37}},"loc":{"start":{"line":69,"column":43},"end":{"line":69,"column":54}},"line":69},"29":{"name":"(anonymous_29)","decl":{"start":{"line":70,"column":56},"end":{"line":70,"column":63}},"loc":{"start":{"line":70,"column":63},"end":{"line":70,"column":73}},"line":70},"30":{"name":"(anonymous_30)","decl":{"start":{"line":72,"column":19},"end":{"line":72,"column":20}},"loc":{"start":{"line":72,"column":28},"end":{"line":75,"column":null}},"line":72},"31":{"name":"(anonymous_31)","decl":{"start":{"line":72,"column":32},"end":{"line":72,"column":33}},"loc":{"start":{"line":72,"column":44},"end":{"line":75,"column":8}},"line":72},"32":{"name":"(anonymous_32)","decl":{"start":{"line":73,"column":34},"end":{"line":73,"column":39}},"loc":{"start":{"line":73,"column":39},"end":{"line":73,"column":58}},"line":73},"33":{"name":"(anonymous_33)","decl":{"start":{"line":76,"column":16},"end":{"line":76,"column":17}},"loc":{"start":{"line":77,"column":8},"end":{"line":81,"column":null}},"line":77},"34":{"name":"(anonymous_34)","decl":{"start":{"line":77,"column":12},"end":{"line":77,"column":13}},"loc":{"start":{"line":77,"column":24},"end":{"line":81,"column":10}},"line":77},"35":{"name":"(anonymous_35)","decl":{"start":{"line":78,"column":33},"end":{"line":78,"column":34}},"loc":{"start":{"line":79,"column":12},"end":{"line":79,"column":null}},"line":79},"36":{"name":"(anonymous_36)","decl":{"start":{"line":82,"column":20},"end":{"line":82,"column":21}},"loc":{"start":{"line":82,"column":34},"end":{"line":82,"column":null}},"line":82},"37":{"name":"(anonymous_37)","decl":{"start":{"line":83,"column":19},"end":{"line":83,"column":20}},"loc":{"start":{"line":84,"column":8},"end":{"line":84,"column":null}},"line":84},"38":{"name":"(anonymous_38)","decl":{"start":{"line":84,"column":12},"end":{"line":84,"column":13}},"loc":{"start":{"line":84,"column":24},"end":{"line":84,"column":65}},"line":84}},"branchMap":{"0":{"loc":{"start":{"line":22,"column":25},"end":{"line":24,"column":null}},"type":"cond-expr","locations":[{"start":{"line":23,"column":14},"end":{"line":23,"column":null}},{"start":{"line":24,"column":14},"end":{"line":24,"column":null}}],"line":22},"1":{"loc":{"start":{"line":57,"column":12},"end":{"line":57,"column":null}},"type":"cond-expr","locations":[{"start":{"line":57,"column":26},"end":{"line":57,"column":49}},{"start":{"line":57,"column":49},"end":{"line":57,"column":null}}],"line":57},"2":{"loc":{"start":{"line":63,"column":16},"end":{"line":63,"column":null}},"type":"cond-expr","locations":[{"start":{"line":63,"column":37},"end":{"line":63,"column":60}},{"start":{"line":63,"column":60},"end":{"line":63,"column":null}}],"line":63},"3":{"loc":{"start":{"line":79,"column":12},"end":{"line":79,"column":null}},"type":"cond-expr","locations":[{"start":{"line":79,"column":26},"end":{"line":79,"column":45}},{"start":{"line":79,"column":45},"end":{"line":79,"column":null}}],"line":79}},"s":{"0":1,"1":1,"2":1,"3":2,"4":2,"5":0,"6":1,"7":1,"8":0,"9":0,"10":0,"11":0,"12":0,"13":0,"14":0,"15":0,"16":0,"17":0,"18":0,"19":0,"20":4,"21":4,"22":1,"23":1,"24":1,"25":1,"26":1,"27":2,"28":1,"29":1,"30":1,"31":1,"32":0,"33":0,"34":0,"35":1,"36":1,"37":1,"38":0,"39":1,"40":1},"f":{"0":1,"1":2,"2":2,"3":0,"4":1,"5":1,"6":0,"7":0,"8":0,"9":0,"10":0,"11":0,"12":0,"13":0,"14":0,"15":0,"16":0,"17":0,"18":4,"19":4,"20":1,"21":1,"22":1,"23":1,"24":1,"25":2,"26":1,"27":1,"28":1,"29":1,"30":0,"31":0,"32":0,"33":1,"34":1,"35":1,"36":0,"37":1,"38":1},"b":{"0":[0,2],"1":[1,0],"2":[2,0],"3":[1,0]},"meta":{"lastBranch":4,"lastFunction":39,"lastStatement":41,"seen":{"s:6:34:11:Infinity":0,"s:13:13:90:Infinity":1,"f:15:4:15:5":0,"s:15:14:85:Infinity":2,"f:21:27:21:28":1,"s:21:35:25:Infinity":3,"f:21:39:21:40":2,"s:21:51:25:8":4,"b:23:14:23:Infinity:24:14:24:Infinity":0,"f:23:43:23:50":3,"s:23:50:23:60":5,"f:26:22:26:28":4,"s:26:28:26:Infinity":6,"f:27:17:27:18":5,"s:27:26:27:Infinity":7,"f:31:22:31:23":6,"s:31:33:31:Infinity":8,"f:33:23:33:24":7,"s:33:35:33:Infinity":9,"f:35:18:35:19":8,"s:35:38:37:Infinity":10,"f:35:42:35:43":9,"s:35:54:37:8":11,"f:38:25:38:26":10,"s:38:33:40:Infinity":12,"f:38:37:38:38":11,"s:38:49:40:8":13,"f:39:48:39:53":12,"s:39:53:39:64":14,"f:44:17:44:18":13,"s:44:29:46:Infinity":15,"f:44:33:44:34":14,"s:44:45:46:8":16,"f:47:20:47:21":15,"s:47:28:49:Infinity":17,"f:47:32:47:33":16,"s:47:44:49:8":18,"f:48:38:48:43":17,"s:48:43:48:54":19,"f:52:15:52:16":18,"s:53:8:53:Infinity":20,"f:53:12:53:13":19,"s:53:24:53:58":21,"f:54:18:54:19":20,"s:55:8:59:Infinity":22,"f:55:12:55:13":21,"s:55:24:59:10":23,"f:56:33:56:34":22,"s:57:12:57:Infinity":24,"b:57:26:57:49:57:49:57:Infinity":1,"f:60:19:60:20":23,"s:61:8:66:Infinity":25,"f:61:12:61:13":24,"s:61:24:66:10":26,"f:62:35:62:36":25,"s:63:16:63:Infinity":27,"b:63:37:63:60:63:60:63:Infinity":2,"f:67:18:67:19":26,"s:68:8:71:Infinity":28,"f:68:12:68:13":27,"s:68:24:71:10":29,"f:69:36:69:37":28,"s:69:43:69:54":30,"f:70:56:70:63":29,"s:70:63:70:73":31,"f:72:19:72:20":30,"s:72:28:75:Infinity":32,"f:72:32:72:33":31,"s:72:44:75:8":33,"f:73:34:73:39":32,"s:73:39:73:58":34,"f:76:16:76:17":33,"s:77:8:81:Infinity":35,"f:77:12:77:13":34,"s:77:24:81:10":36,"f:78:33:78:34":35,"s:79:12:79:Infinity":37,"b:79:26:79:45:79:45:79:Infinity":3,"f:82:20:82:21":36,"s:82:34:82:Infinity":38,"f:83:19:83:20":37,"s:84:8:84:Infinity":39,"f:84:12:84:13":38,"s:84:24:84:65":40}}}
,"/Users/woxacorp./workspace/TodoListManagementGoogle/src/utils/cn.ts": {"path":"/Users/woxacorp./workspace/TodoListManagementGoogle/src/utils/cn.ts","statementMap":{"0":{"start":{"line":5,"column":2},"end":{"line":5,"column":null}}},"fnMap":{"0":{"name":"cn","decl":{"start":{"line":4,"column":16},"end":{"line":4,"column":22}},"loc":{"start":{"line":4,"column":44},"end":{"line":6,"column":null}},"line":4}},"branchMap":{},"s":{"0":12},"f":{"0":12},"b":{},"meta":{"lastBranch":0,"lastFunction":1,"lastStatement":1,"seen":{"f:4:16:4:22":0,"s:5:2:5:Infinity":0}}}
,"/Users/woxacorp./workspace/TodoListManagementGoogle/src/utils/parser.ts": {"path":"/Users/woxacorp./workspace/TodoListManagementGoogle/src/utils/parser.ts","statementMap":{"0":{"start":{"line":4,"column":31},"end":{"line":81,"column":null}},"1":{"start":{"line":5,"column":16},"end":{"line":5,"column":null}},"2":{"start":{"line":5,"column":45},"end":{"line":5,"column":60}},"3":{"start":{"line":6,"column":24},"end":{"line":6,"column":null}},"4":{"start":{"line":8,"column":22},"end":{"line":8,"column":null}},"5":{"start":{"line":9,"column":20},"end":{"line":9,"column":null}},"6":{"start":{"line":10,"column":30},"end":{"line":10,"column":null}},"7":{"start":{"line":13,"column":22},"end":{"line":13,"column":null}},"8":{"start":{"line":14,"column":20},"end":{"line":14,"column":null}},"9":{"start":{"line":15,"column":24},"end":{"line":15,"column":null}},"10":{"start":{"line":17,"column":2},"end":{"line":78,"column":null}},"11":{"start":{"line":18,"column":20},"end":{"line":18,"column":null}},"12":{"start":{"line":21,"column":24},"end":{"line":21,"column":null}},"13":{"start":{"line":22,"column":4},"end":{"line":25,"column":null}},"14":{"start":{"line":23,"column":6},"end":{"line":23,"column":null}},"15":{"start":{"line":24,"column":6},"end":{"line":24,"column":null}},"16":{"start":{"line":28,"column":22},"end":{"line":28,"column":null}},"17":{"start":{"line":29,"column":4},"end":{"line":33,"column":null}},"18":{"start":{"line":30,"column":36},"end":{"line":30,"column":null}},"19":{"start":{"line":31,"column":6},"end":{"line":31,"column":null}},"20":{"start":{"line":32,"column":6},"end":{"line":32,"column":null}},"21":{"start":{"line":36,"column":24},"end":{"line":36,"column":null}},"22":{"start":{"line":37,"column":4},"end":{"line":77,"column":null}},"23":{"start":{"line":38,"column":44},"end":{"line":38,"column":null}},"24":{"start":{"line":39,"column":24},"end":{"line":39,"column":null}},"25":{"start":{"line":41,"column":25},"end":{"line":41,"column":null}},"26":{"start":{"line":42,"column":26},"end":{"line":42,"column":null}},"27":{"start":{"line":43,"column":20},"end":{"line":43,"column":null}},"28":{"start":{"line":45,"column":6},"end":{"line":76,"column":null}},"29":{"start":{"line":46,"column":8},"end":{"line":50,"column":null}},"30":{"start":{"line":53,"column":37},"end":{"line":53,"column":null}},"31":{"start":{"line":54,"column":27},"end":{"line":54,"column":null}},"32":{"start":{"line":56,"column":8},"end":{"line":58,"column":null}},"33":{"start":{"line":56,"column":70},"end":{"line":56,"column":null}},"34":{"start":{"line":56,"column":81},"end":{"line":58,"column":null}},"35":{"start":{"line":57,"column":78},"end":{"line":57,"column":null}},"36":{"start":{"line":57,"column":89},"end":{"line":58,"column":null}},"37":{"start":{"line":58,"column":80},"end":{"line":58,"column":null}},"38":{"start":{"line":60,"column":30},"end":{"line":72,"column":null}},"39":{"start":{"line":74,"column":8},"end":{"line":74,"column":null}},"40":{"start":{"line":75,"column":8},"end":{"line":75,"column":null}},"41":{"start":{"line":80,"column":2},"end":{"line":80,"column":null}}},"fnMap":{"0":{"name":"(anonymous_0)","decl":{"start":{"line":4,"column":31},"end":{"line":4,"column":32}},"loc":{"start":{"line":4,"column":57},"end":{"line":81,"column":null}},"line":4},"1":{"name":"(anonymous_1)","decl":{"start":{"line":5,"column":40},"end":{"line":5,"column":45}},"loc":{"start":{"line":5,"column":45},"end":{"line":5,"column":60}},"line":5},"2":{"name":"(anonymous_2)","decl":{"start":{"line":17,"column":16},"end":{"line":17,"column":24}},"loc":{"start":{"line":17,"column":24},"end":{"line":78,"column":3}},"line":17}},"branchMap":{"0":{"loc":{"start":{"line":22,"column":4},"end":{"line":25,"column":null}},"type":"if","locations":[{"start":{"line":22,"column":4},"end":{"line":25,"column":null}},{"start":{},"end":{}}],"line":22},"1":{"loc":{"start":{"line":29,"column":4},"end":{"line":33,"column":null}},"type":"if","locations":[{"start":{"line":29,"column":4},"end":{"line":33,"column":null}},{"start":{},"end":{}}],"line":29},"2":{"loc":{"start":{"line":37,"column":4},"end":{"line":77,"column":null}},"type":"if","locations":[{"start":{"line":37,"column":4},"end":{"line":77,"column":null}},{"start":{},"end":{}}],"line":37},"3":{"loc":{"start":{"line":42,"column":26},"end":{"line":42,"column":null}},"type":"cond-expr","locations":[{"start":{"line":42,"column":40},"end":{"line":42,"column":79}},{"start":{"line":42,"column":79},"end":{"line":42,"column":null}}],"line":42},"4":{"loc":{"start":{"line":43,"column":20},"end":{"line":43,"column":null}},"type":"cond-expr","locations":[{"start":{"line":43,"column":33},"end":{"line":43,"column":49}},{"start":{"line":43,"column":49},"end":{"line":43,"column":null}}],"line":43},"5":{"loc":{"start":{"line":45,"column":6},"end":{"line":76,"column":null}},"type":"if","locations":[{"start":{"line":45,"column":6},"end":{"line":76,"column":null}},{"start":{"line":51,"column":13},"end":{"line":76,"column":null}}],"line":45},"6":{"loc":{"start":{"line":45,"column":10},"end":{"line":45,"column":33}},"type":"binary-expr","locations":[{"start":{"line":45,"column":10},"end":{"line":45,"column":23}},{"start":{"line":45,"column":23},"end":{"line":45,"column":33}}],"line":45},"7":{"loc":{"start":{"line":56,"column":8},"end":{"line":58,"column":null}},"type":"if","locations":[{"start":{"line":56,"column":8},"end":{"line":58,"column":null}},{"start":{"line":56,"column":81},"end":{"line":58,"column":null}}],"line":56},"8":{"loc":{"start":{"line":56,"column":12},"end":{"line":56,"column":70}},"type":"binary-expr","locations":[{"start":{"line":56,"column":12},"end":{"line":56,"column":42}},{"start":{"line":56,"column":42},"end":{"line":56,"column":70}}],"line":56},"9":{"loc":{"start":{"line":56,"column":81},"end":{"line":58,"column":null}},"type":"if","locations":[{"start":{"line":56,"column":81},"end":{"line":58,"column":null}},{"start":{"line":57,"column":89},"end":{"line":58,"column":null}}],"line":56},"10":{"loc":{"start":{"line":57,"column":17},"end":{"line":57,"column":78}},"type":"binary-expr","locations":[{"start":{"line":57,"column":17},"end":{"line":57,"column":47}},{"start":{"line":57,"column":47},"end":{"line":57,"column":78}}],"line":57},"11":{"loc":{"start":{"line":57,"column":89},"end":{"line":58,"column":null}},"type":"if","locations":[{"start":{"line":57,"column":89},"end":{"line":58,"column":null}},{"start":{},"end":{}}],"line":57},"12":{"loc":{"start":{"line":58,"column":17},"end":{"line":58,"column":80}},"type":"binary-expr","locations":[{"start":{"line":58,"column":17},"end":{"line":58,"column":51}},{"start":{"line":58,"column":51},"end":{"line":58,"column":80}}],"line":58},"13":{"loc":{"start":{"line":64,"column":18},"end":{"line":64,"column":null}},"type":"cond-expr","locations":[{"start":{"line":64,"column":32},"end":{"line":64,"column":41}},{"start":{"line":64,"column":41},"end":{"line":64,"column":null}}],"line":64},"14":{"loc":{"start":{"line":66,"column":18},"end":{"line":66,"column":null}},"type":"binary-expr","locations":[{"start":{"line":66,"column":18},"end":{"line":66,"column":35}},{"start":{"line":66,"column":35},"end":{"line":66,"column":null}}],"line":66}},"s":{"0":1,"1":7,"2":19,"3":7,"4":7,"5":7,"6":7,"7":7,"8":7,"9":7,"10":7,"11":19,"12":19,"13":19,"14":2,"15":2,"16":17,"17":17,"18":3,"19":3,"20":3,"21":14,"22":14,"23":14,"24":14,"25":14,"26":14,"27":14,"28":14,"29":3,"30":11,"31":11,"32":11,"33":1,"34":10,"35":1,"36":9,"37":1,"38":11,"39":11,"40":11,"41":7},"f":{"0":7,"1":19,"2":19},"b":{"0":[2,17],"1":[3,14],"2":[14,0],"3":[3,11],"4":[3,11],"5":[3,11],"6":[14,3],"7":[1,10],"8":[11,10],"9":[1,9],"10":[10,9],"11":[1,8],"12":[9,8],"13":[1,10],"14":[11,8]},"meta":{"lastBranch":15,"lastFunction":3,"lastStatement":42,"seen":{"s:4:31:81:Infinity":0,"f:4:31:4:32":0,"s:5:16:5:Infinity":1,"f:5:40:5:45":1,"s:5:45:5:60":2,"s:6:24:6:Infinity":3,"s:8:22:8:Infinity":4,"s:9:20:9:Infinity":5,"s:10:30:10:Infinity":6,"s:13:22:13:Infinity":7,"s:14:20:14:Infinity":8,"s:15:24:15:Infinity":9,"s:17:2:78:Infinity":10,"f:17:16:17:24":2,"s:18:20:18:Infinity":11,"s:21:24:21:Infinity":12,"b:22:4:25:Infinity:undefined:undefined:undefined:undefined":0,"s:22:4:25:Infinity":13,"s:23:6:23:Infinity":14,"s:24:6:24:Infinity":15,"s:28:22:28:Infinity":16,"b:29:4:33:Infinity:undefined:undefined:undefined:undefined":1,"s:29:4:33:Infinity":17,"s:30:36:30:Infinity":18,"s:31:6:31:Infinity":19,"s:32:6:32:Infinity":20,"s:36:24:36:Infinity":21,"b:37:4:77:Infinity:undefined:undefined:undefined:undefined":2,"s:37:4:77:Infinity":22,"s:38:44:38:Infinity":23,"s:39:24:39:Infinity":24,"s:41:25:41:Infinity":25,"s:42:26:42:Infinity":26,"b:42:40:42:79:42:79:42:Infinity":3,"s:43:20:43:Infinity":27,"b:43:33:43:49:43:49:43:Infinity":4,"b:45:6:76:Infinity:51:13:76:Infinity":5,"s:45:6:76:Infinity":28,"b:45:10:45:23:45:23:45:33":6,"s:46:8:50:Infinity":29,"s:53:37:53:Infinity":30,"s:54:27:54:Infinity":31,"b:56:8:58:Infinity:56:81:58:Infinity":7,"s:56:8:58:Infinity":32,"b:56:12:56:42:56:42:56:70":8,"s:56:70:56:Infinity":33,"b:56:81:58:Infinity:57:89:58:Infinity":9,"s:56:81:58:Infinity":34,"b:57:17:57:47:57:47:57:78":10,"s:57:78:57:Infinity":35,"b:57:89:58:Infinity:undefined:undefined:undefined:undefined":11,"s:57:89:58:Infinity":36,"b:58:17:58:51:58:51:58:80":12,"s:58:80:58:Infinity":37,"s:60:30:72:Infinity":38,"b:64:32:64:41:64:41:64:Infinity":13,"b:66:18:66:35:66:35:66:Infinity":14,"s:74:8:74:Infinity":39,"s:75:8:75:Infinity":40,"s:80:2:80:Infinity":41}}}
}
